2024-12-11 11:41:17,414 [WARNING]: Directory 'cane' not found, skipping.
2024-12-11 11:41:17,415 [WARNING]: Directory 'cavallo' not found, skipping.
2024-12-11 11:41:17,415 [WARNING]: Directory 'elefante' not found, skipping.
2024-12-11 11:41:17,415 [WARNING]: Directory 'farfalla' not found, skipping.
2024-12-11 11:41:17,415 [WARNING]: Directory 'gallina' not found, skipping.
2024-12-11 11:41:17,415 [WARNING]: Directory 'gatto' not found, skipping.
2024-12-11 11:41:17,415 [WARNING]: Directory 'mucca' not found, skipping.
2024-12-11 11:41:17,416 [WARNING]: Directory 'pecora' not found, skipping.
2024-12-11 11:41:17,416 [WARNING]: Directory 'ragno' not found, skipping.
2024-12-11 11:41:17,416 [WARNING]: Directory 'scoiattolo' not found, skipping.
2024-12-11 11:41:17,622 [WARNING]: No such comm: 4eed55598985460fbd08b7e82a32f91d
2024-12-11 11:41:17,627 [WARNING]: No such comm: 63f32b0714eb4dec80887bf0f5528b92
2024-12-11 11:41:17,629 [WARNING]: No such comm: 5e7d5cbf23dc443aa95acea90c67ebf6
2024-12-11 11:41:17,632 [WARNING]: No such comm: 61dbf1e2fa5a4a52813ad6c5ae0e5c20
2024-12-11 11:41:17,636 [WARNING]: No such comm: 6e0533be87fc4d81900e5a225e774cd6
2024-12-11 11:41:17,639 [WARNING]: No such comm: 13020cb5fe0c4208ba58e700a55049d5
2024-12-11 11:41:17,643 [WARNING]: No such comm: 1b0f3f6de7d04e60ab8d6550ec2e7561
2024-12-11 11:41:17,645 [WARNING]: No such comm: 0dbf182c01804914a48e44a11c194049
2024-12-11 11:41:17,649 [WARNING]: No such comm: cd248999e02d4bff9d136fc4786bf30b
2024-12-11 11:41:17,653 [WARNING]: No such comm: a60cc87037904efab61f378d4644e156
2024-12-11 11:41:17,656 [WARNING]: No such comm: 28c71ea8cab34e199a646de4a2d8e922
2024-12-11 11:41:30,333 [WARNING]: Directory 'cane' not found, skipping.
2024-12-11 11:41:30,333 [WARNING]: Directory 'cavallo' not found, skipping.
2024-12-11 11:41:30,334 [WARNING]: Directory 'elefante' not found, skipping.
2024-12-11 11:41:30,334 [WARNING]: Directory 'farfalla' not found, skipping.
2024-12-11 11:41:30,334 [WARNING]: Directory 'gallina' not found, skipping.
2024-12-11 11:41:30,335 [WARNING]: Directory 'gatto' not found, skipping.
2024-12-11 11:41:30,335 [WARNING]: Directory 'mucca' not found, skipping.
2024-12-11 11:41:30,335 [WARNING]: Directory 'pecora' not found, skipping.
2024-12-11 11:41:30,335 [WARNING]: Directory 'ragno' not found, skipping.
2024-12-11 11:41:30,335 [WARNING]: Directory 'scoiattolo' not found, skipping.
2024-12-11 11:41:30,519 [WARNING]: No such comm: b5ed91acddf3483bb506953feb3276db
2024-12-11 11:41:30,553 [WARNING]: No such comm: 64bbbd202fc74819959512d0b3e5e1fc
2024-12-11 11:41:30,556 [WARNING]: No such comm: 4bf499038ca64ae0b0a7985ab3a5a365
2024-12-11 11:41:30,560 [WARNING]: No such comm: c311a9aadc7b46f7aee6d8860758810c
2024-12-11 11:41:30,565 [WARNING]: No such comm: 64a1166db9604e43b8d41b43fddc447e
2024-12-11 11:41:30,568 [WARNING]: No such comm: d94a2573e6564c0f96122824d2b67704
2024-12-11 11:41:30,571 [WARNING]: No such comm: e5ec31c9e9d8467bbfb4a20173c983f4
2024-12-11 11:41:30,574 [WARNING]: No such comm: 13b7bd947a4644e1b7ff270d25f59358
2024-12-11 11:41:30,580 [WARNING]: No such comm: 8365909cf2ca40d3be7bbea2a7e51c96
2024-12-11 11:41:30,585 [WARNING]: No such comm: 5d9a9cb315254b8f81f9f2fdd637164e
2024-12-11 11:41:30,591 [WARNING]: No such comm: 2159b2fdddf84f1cabfbaa33dad281dd
2024-12-11 11:42:45,005 [WARNING]: No such comm: 0b8afb5130064d2b92f4f4faa73380c0
2024-12-11 11:42:45,008 [WARNING]: No such comm: 342bf3ade5f54d7d8f0b26f9c6eeccdf
2024-12-11 11:42:45,011 [WARNING]: No such comm: 791628f4221d4a8daab60ca5ab672b70
2024-12-11 11:42:45,014 [WARNING]: No such comm: f0f367bb1a174fe5a8fcd8d899a8d93c
2024-12-11 11:42:45,018 [WARNING]: No such comm: f21d1edd27fe40cfb15f3f227f71d68e
2024-12-11 11:42:45,021 [WARNING]: No such comm: 04a6254e038d4a6d876d3b5734eceb39
2024-12-11 11:42:45,024 [WARNING]: No such comm: ee05b1371a4c4964801c8d72233e4aa6
2024-12-11 11:42:45,027 [WARNING]: No such comm: 368d5c700eaf4747a8f1f636afb8cebe
2024-12-11 11:42:45,029 [WARNING]: No such comm: 6bb9c66ebc1b4791af7f27e48c7571d4
2024-12-11 11:42:45,033 [WARNING]: No such comm: 733b32bf8b244eb9a705ab70839f70ba
2024-12-11 11:42:45,035 [WARNING]: No such comm: 7a04c9e07a6148a9a2cdf04c48885d24
2024-12-11 11:43:03,918 [WARNING]: No such comm: b1f3dafb562d49f1aabe9dd889b83a54
2024-12-11 11:43:03,922 [WARNING]: No such comm: 742396ac7da3406f9f7b4be120115504
2024-12-11 11:43:03,924 [WARNING]: No such comm: 9478e368736b4893b8ad36658b65aece
2024-12-11 11:43:03,928 [WARNING]: No such comm: c9d24656fcd74722b5e5a07ce3ea3c27
2024-12-11 11:43:03,931 [WARNING]: No such comm: 2e3a0211448b49de9fcd7d9acf2bba65
2024-12-11 11:43:03,934 [WARNING]: No such comm: 68b955531c9243ec9a7962b2c4e73b3f
2024-12-11 11:43:03,953 [WARNING]: No such comm: afe424ff0c0841b1913167d21a4c3474
2024-12-11 11:43:03,959 [WARNING]: No such comm: fbbda31cc1e54ad78d1a1ffc09c6a51f
2024-12-11 11:43:03,962 [WARNING]: No such comm: 00ada159c4344fb4a87efae72c8c1fb5
2024-12-11 11:43:03,991 [WARNING]: No such comm: 78915bf0c5124de0907bb4778975edc9
2024-12-11 11:43:03,994 [WARNING]: No such comm: 8be4348025154ed9bdff384bf9fe10a6
2024-12-11 11:43:11,679 [WARNING]: No such comm: 94a2e9270c35405bb5d513a80f8243eb
2024-12-11 11:43:11,683 [WARNING]: No such comm: ce9ae72baad24a3ebbcf7fd112139444
2024-12-11 11:43:11,685 [WARNING]: No such comm: a4cd9a9d37284d7282ab4cbb9a3b8054
2024-12-11 11:43:11,689 [WARNING]: No such comm: 3d4c5fc54b4f49debb4009265195af94
2024-12-11 11:43:11,692 [WARNING]: No such comm: 69d69bec3b244c928ccac166a8027b69
2024-12-11 11:43:11,695 [WARNING]: No such comm: 9e26a02f35554432980604601500e496
2024-12-11 11:43:11,698 [WARNING]: No such comm: aca1c5b7fe4e4f62bce1ff338d3b7b62
2024-12-11 11:43:11,701 [WARNING]: No such comm: 5323bf5994314f5fbe196de91554d6ab
2024-12-11 11:43:11,703 [WARNING]: No such comm: 11b22abb47f440a99ab8dca5b02e7f77
2024-12-11 11:43:11,733 [WARNING]: No such comm: a72fb2a93bdf43a3a1cac8f1a7a5f22f
2024-12-11 11:43:11,736 [WARNING]: No such comm: f5d48c7887ea439f89b3e2fccd3e781f
2024-12-11 11:43:14,789 [WARNING]: No such comm: f96ee315be4b4220b4367e560df03b38
2024-12-11 11:43:14,792 [WARNING]: No such comm: 852027feda0b4824ad755524458fa8b6
2024-12-11 11:43:14,795 [WARNING]: No such comm: 229911161e5245a3b6924f5dd3d0ea84
2024-12-11 11:43:14,798 [WARNING]: No such comm: 3c09e0ba6eca405fbd9151aa8bcf579d
2024-12-11 11:43:14,801 [WARNING]: No such comm: c6f8449425254b80a442ef1fb675c12f
2024-12-11 11:43:14,805 [WARNING]: No such comm: 2f182222c3b24332b8b4325f0607dc13
2024-12-11 11:43:14,808 [WARNING]: No such comm: 8739b7cacf5d4d828d710ecae18cf382
2024-12-11 11:43:14,810 [WARNING]: No such comm: d6d13b4379814c22bf2e3c9e42e9e0d2
2024-12-11 11:43:14,813 [WARNING]: No such comm: 7c0f977502e64831b103eacf02f455af
2024-12-11 11:43:14,816 [WARNING]: No such comm: 5345f18857f8465a81ec34fab678b8f9
2024-12-11 11:43:14,818 [WARNING]: No such comm: fca87859f625426796e45d09e4895c4d
2024-12-11 11:43:22,622 [WARNING]: Directory 'cane' not found, skipping.
2024-12-11 11:43:22,623 [WARNING]: Directory 'cavallo' not found, skipping.
2024-12-11 11:43:22,624 [WARNING]: Directory 'elefante' not found, skipping.
2024-12-11 11:43:22,624 [WARNING]: Directory 'farfalla' not found, skipping.
2024-12-11 11:43:22,624 [WARNING]: Directory 'gallina' not found, skipping.
2024-12-11 11:43:22,625 [WARNING]: Directory 'gatto' not found, skipping.
2024-12-11 11:43:22,625 [WARNING]: Directory 'mucca' not found, skipping.
2024-12-11 11:43:22,625 [WARNING]: Directory 'pecora' not found, skipping.
2024-12-11 11:43:22,625 [WARNING]: Directory 'ragno' not found, skipping.
2024-12-11 11:43:22,625 [WARNING]: Directory 'scoiattolo' not found, skipping.
2024-12-11 11:43:23,528 [INFO]: 
Successfully copied 50 image(s) to C:/dataset/train/dog.
2024-12-11 11:43:24,159 [INFO]: 
Successfully copied 50 image(s) to C:/dataset/train/horse.
2024-12-11 11:43:24,690 [INFO]: 
Successfully copied 50 image(s) to C:/dataset/train/elephant.
2024-12-11 11:43:25,276 [INFO]: 
Successfully copied 50 image(s) to C:/dataset/train/butterfly.
2024-12-11 11:43:25,904 [INFO]: 
Successfully copied 50 image(s) to C:/dataset/train/chicken.
2024-12-11 11:43:26,403 [INFO]: 
Successfully copied 50 image(s) to C:/dataset/train/cat.
2024-12-11 11:43:26,968 [INFO]: 
Successfully copied 50 image(s) to C:/dataset/train/cow.
2024-12-11 11:43:27,580 [INFO]: 
Successfully copied 50 image(s) to C:/dataset/train/sheep.
2024-12-11 11:43:28,326 [INFO]: 
Successfully copied 50 image(s) to C:/dataset/train/spider.
2024-12-11 11:43:28,898 [INFO]: 
Successfully copied 50 image(s) to C:/dataset/train/squirrel.
2024-12-11 11:43:28,955 [WARNING]: No such comm: 0040546ef8e2417d80d08d01cbf9a49a
2024-12-11 11:43:28,958 [WARNING]: No such comm: a2a664f70ab1457daa9aebd0207db630
2024-12-11 11:43:28,961 [WARNING]: No such comm: 2f0417bb13fc4c3ebdb83b831047c182
2024-12-11 11:43:28,967 [WARNING]: No such comm: 66ee0d5e550046f7930e624a6143e9fc
2024-12-11 11:43:28,970 [WARNING]: No such comm: 7aab4aaad5be4061ab77d1f41540ca42
2024-12-11 11:43:28,973 [WARNING]: No such comm: 75005e3dbdda4c98b1835755a7cf56d6
2024-12-11 11:43:28,975 [WARNING]: No such comm: c46679663757491e8d1b09adb40069c5
2024-12-11 11:43:28,978 [WARNING]: No such comm: 265147c3256a4867bea3d12f709eb4c7
2024-12-11 11:43:28,981 [WARNING]: No such comm: 66fb401e45a5421c992bb9fbfbebf333
2024-12-11 11:43:28,983 [WARNING]: No such comm: c7a1c14134cd40f58d1ba8b65e461b19
2024-12-11 11:43:28,987 [WARNING]: No such comm: f2331f1b2aa7495881104c7b725c2c62
2024-12-11 11:45:02,689 [INFO]: 
Successfully copied 50 image(s) to C:/dataset/train/dog.
2024-12-11 11:45:03,369 [INFO]: 
Successfully copied 50 image(s) to C:/dataset/train/horse.
2024-12-11 11:45:03,902 [INFO]: 
Successfully copied 50 image(s) to C:/dataset/train/elephant.
2024-12-11 11:45:04,490 [INFO]: 
Successfully copied 50 image(s) to C:/dataset/train/butterfly.
2024-12-11 11:45:05,162 [INFO]: 
Successfully copied 50 image(s) to C:/dataset/train/chicken.
2024-12-11 11:45:05,698 [INFO]: 
Successfully copied 50 image(s) to C:/dataset/train/cat.
2024-12-11 11:45:06,282 [INFO]: 
Successfully copied 50 image(s) to C:/dataset/train/cow.
2024-12-11 11:45:06,830 [INFO]: 
Successfully copied 50 image(s) to C:/dataset/train/sheep.
2024-12-11 11:45:07,510 [INFO]: 
Successfully copied 50 image(s) to C:/dataset/train/spider.
2024-12-11 11:45:08,087 [INFO]: 
Successfully copied 50 image(s) to C:/dataset/train/squirrel.
2024-12-11 11:45:08,143 [WARNING]: No such comm: 60cdb93705764a3c8847544680241d54
2024-12-11 11:45:08,146 [WARNING]: No such comm: dc6d076726cd4018a6a9c97baad9d392
2024-12-11 11:45:08,149 [WARNING]: No such comm: a9d221f96e5c4fb48833c2325db160b3
2024-12-11 11:45:08,152 [WARNING]: No such comm: 688b718759d6410cb03d7a2d97729c56
2024-12-11 11:45:08,156 [WARNING]: No such comm: b1198b72cf0443999f1f30729f2b4efe
2024-12-11 11:45:08,160 [WARNING]: No such comm: 4bed1e24b51c4da698ab81281d281504
2024-12-11 11:45:08,164 [WARNING]: No such comm: 6e22f1ca45b94a0db55560228f1d38d6
2024-12-11 11:45:08,172 [WARNING]: No such comm: 6c585fcb925b4ee2b78177d385c80d20
2024-12-11 11:45:08,183 [WARNING]: No such comm: 7a2472a9649d408b843da623111ab022
2024-12-11 11:45:08,192 [WARNING]: No such comm: dbe65ae2d97e48cba13090c7d5b7b697
2024-12-11 11:45:08,196 [WARNING]: No such comm: 13ffdfd9b50a42e7a73ad28b1d745c57
2024-12-11 11:45:35,227 [INFO]: 
Successfully copied 50 image(s) to C:/dataset/train/dog.
2024-12-11 11:45:35,831 [INFO]: 
Successfully copied 50 image(s) to C:/dataset/train/horse.
2024-12-11 11:45:36,306 [INFO]: 
Successfully copied 50 image(s) to C:/dataset/train/elephant.
2024-12-11 11:45:36,917 [INFO]: 
Successfully copied 50 image(s) to C:/dataset/train/butterfly.
2024-12-11 11:45:37,514 [INFO]: 
Successfully copied 50 image(s) to C:/dataset/train/chicken.
2024-12-11 11:45:37,986 [INFO]: 
Successfully copied 50 image(s) to C:/dataset/train/cat.
2024-12-11 11:45:38,492 [INFO]: 
Successfully copied 50 image(s) to C:/dataset/train/cow.
2024-12-11 11:45:39,014 [INFO]: 
Successfully copied 50 image(s) to C:/dataset/train/sheep.
2024-12-11 11:45:39,730 [INFO]: 
Successfully copied 50 image(s) to C:/dataset/train/spider.
2024-12-11 11:45:40,257 [INFO]: 
Successfully copied 50 image(s) to C:/dataset/train/squirrel.
2024-12-11 11:45:40,300 [WARNING]: No such comm: 284c451d19ff472e8931c243d4e52b73
2024-12-11 11:45:40,302 [WARNING]: No such comm: 3cf94e60d59f439a9d5f7793aad27d8c
2024-12-11 11:45:40,304 [WARNING]: No such comm: fc7d91675ddb4960872e96e382b8e882
2024-12-11 11:45:40,309 [WARNING]: No such comm: 25d057f97e734927b1822490f0ef7a7d
2024-12-11 11:45:40,312 [WARNING]: No such comm: 6b1b63bdb2b647dc8d69191c0c28ac40
2024-12-11 11:45:40,315 [WARNING]: No such comm: 4caa872f6a9e49ecb9dcab8319e374a1
2024-12-11 11:45:40,317 [WARNING]: No such comm: a91b8c55b7c84efdb5a6bebf9d98bae5
2024-12-11 11:45:40,321 [WARNING]: No such comm: b13ad27bcbc54e06a0fcaf23bfd78caa
2024-12-11 11:45:40,323 [WARNING]: No such comm: 68419b21ea0041a1b741b565173311ff
2024-12-11 11:45:40,328 [WARNING]: No such comm: e80c5dd859f24a61ae61de1adc3ef627
2024-12-11 11:45:40,330 [WARNING]: No such comm: 1e4d4d3e4653413fb92aba0ead7cac6b
2024-12-11 11:52:14,048 [INFO]: 
Successfully copied 50 image(s) to C:/dataset/train/dog.
2024-12-11 11:52:14,178 [INFO]: 
Successfully copied 50 image(s) to C:/dataset/train/horse.
2024-12-11 11:52:14,270 [INFO]: 
Successfully copied 50 image(s) to C:/dataset/train/elephant.
2024-12-11 11:52:14,399 [INFO]: 
Successfully copied 50 image(s) to C:/dataset/train/butterfly.
2024-12-11 11:52:14,562 [INFO]: 
Successfully copied 50 image(s) to C:/dataset/train/chicken.
2024-12-11 11:52:14,659 [INFO]: 
Successfully copied 50 image(s) to C:/dataset/train/cat.
2024-12-11 11:52:14,765 [INFO]: 
Successfully copied 50 image(s) to C:/dataset/train/cow.
2024-12-11 11:52:14,870 [INFO]: 
Successfully copied 50 image(s) to C:/dataset/train/sheep.
2024-12-11 11:52:15,107 [INFO]: 
Successfully copied 50 image(s) to C:/dataset/train/spider.
2024-12-11 11:52:15,221 [INFO]: 
Successfully copied 50 image(s) to C:/dataset/train/squirrel.
2024-12-11 11:52:15,281 [WARNING]: No such comm: 7c76df5f9b364295926158803e2cbe7a
2024-12-11 11:52:15,285 [WARNING]: No such comm: a8dff2ba89404970a407ee791aef6dd6
2024-12-11 11:52:15,289 [WARNING]: No such comm: 626b538bef47455eb899de94e866e638
2024-12-11 11:52:15,294 [WARNING]: No such comm: 20b952b3a0544c5bbbcb46257c8b7d24
2024-12-11 11:52:15,297 [WARNING]: No such comm: 7092fff1789d4540b6c0c2449090bd53
2024-12-11 11:52:15,304 [WARNING]: No such comm: 7e1c65b731324b2ab2462a6781115b1f
2024-12-11 11:52:15,307 [WARNING]: No such comm: 7a5a0162a2214d90b077d63c8ac86099
2024-12-11 11:52:15,313 [WARNING]: No such comm: 5801ad4a50014fc7840a019db046daa9
2024-12-11 11:52:15,318 [WARNING]: No such comm: 877bbf2cdb954b57a9559320632fe154
2024-12-11 11:52:15,321 [WARNING]: No such comm: 87c302df46ce44508aed37b7e818efc2
2024-12-11 11:52:15,325 [WARNING]: No such comm: 7bb0e1ed2dae46fab7626c9b078c2910
2024-12-11 11:53:54,627 [INFO]: 
Successfully copied 50 image(s) to C:/Users/dimit/OneDrive/Desktop/my_work_git/animals_classification/dataset/train/dog.
2024-12-11 11:53:54,769 [INFO]: 
Successfully copied 50 image(s) to C:/Users/dimit/OneDrive/Desktop/my_work_git/animals_classification/dataset/train/horse.
2024-12-11 11:53:54,937 [INFO]: 
Successfully copied 50 image(s) to C:/Users/dimit/OneDrive/Desktop/my_work_git/animals_classification/dataset/train/elephant.
2024-12-11 11:53:55,102 [INFO]: 
Successfully copied 50 image(s) to C:/Users/dimit/OneDrive/Desktop/my_work_git/animals_classification/dataset/train/butterfly.
2024-12-11 11:53:55,362 [INFO]: 
Successfully copied 50 image(s) to C:/Users/dimit/OneDrive/Desktop/my_work_git/animals_classification/dataset/train/chicken.
2024-12-11 11:53:55,476 [INFO]: 
Successfully copied 50 image(s) to C:/Users/dimit/OneDrive/Desktop/my_work_git/animals_classification/dataset/train/cat.
2024-12-11 11:53:55,610 [INFO]: 
Successfully copied 50 image(s) to C:/Users/dimit/OneDrive/Desktop/my_work_git/animals_classification/dataset/train/cow.
2024-12-11 11:53:55,780 [INFO]: 
Successfully copied 50 image(s) to C:/Users/dimit/OneDrive/Desktop/my_work_git/animals_classification/dataset/train/sheep.
2024-12-11 11:53:56,049 [INFO]: 
Successfully copied 50 image(s) to C:/Users/dimit/OneDrive/Desktop/my_work_git/animals_classification/dataset/train/spider.
2024-12-11 11:53:56,154 [INFO]: 
Successfully copied 50 image(s) to C:/Users/dimit/OneDrive/Desktop/my_work_git/animals_classification/dataset/train/squirrel.
2024-12-11 11:53:56,205 [WARNING]: No such comm: 953dc4dd73244c0b8abc03b797f1f232
2024-12-11 11:53:56,208 [WARNING]: No such comm: 44bce0b295b2445685e09debe9042acd
2024-12-11 11:53:56,210 [WARNING]: No such comm: ab792cba04d049888138da8cffa7f12d
2024-12-11 11:53:56,213 [WARNING]: No such comm: 26be1a794dc342d8ab8ad31a8c6ed7f1
2024-12-11 11:53:56,217 [WARNING]: No such comm: 5d2e5a8d27ce4662acdecff577fd489f
2024-12-11 11:53:56,221 [WARNING]: No such comm: 9b0d43f84c8b4fe682fede2e58007d4a
2024-12-11 11:53:56,224 [WARNING]: No such comm: 2c3db84d7c3a4dc3b80ff4dc9072e558
2024-12-11 11:53:56,228 [WARNING]: No such comm: ed7fcfc01fe4470eb6a245051da34fc0
2024-12-11 11:53:56,234 [WARNING]: No such comm: fed71b189c1b46a9bd59456421ea0342
2024-12-11 11:53:56,255 [WARNING]: No such comm: d7c9b701c3514e3799fabbb1725fc5b0
2024-12-11 11:53:56,271 [WARNING]: No such comm: e21f4938530745d684549900814c9a07
2024-12-11 11:54:34,795 [WARNING]: No such comm: 85bfa4bc535f477ab28a5a861d754d72
2024-12-11 11:54:34,820 [WARNING]: No such comm: 17378097e8564236886b535a0eb35e32
2024-12-11 11:54:34,823 [WARNING]: No such comm: 35e2571c2db441328c33df32f38a7bf7
2024-12-11 11:54:34,826 [WARNING]: No such comm: 0c4647c2059a45459c2dcd6d1bb4fa0e
2024-12-11 11:54:34,829 [WARNING]: No such comm: d4773a23f0d34a29bcb424d0a418d10f
2024-12-11 11:54:34,849 [WARNING]: No such comm: 30ab9b334b194c079ffc5fd6078c8386
2024-12-11 11:54:34,852 [WARNING]: No such comm: f7ac20fb7c364273a4e847ed68123935
2024-12-11 11:54:34,854 [WARNING]: No such comm: 4e1105a4861f4349bfeb68dffc145498
2024-12-11 11:54:34,857 [WARNING]: No such comm: 572446c3d1684390aa6f78c559a8caaa
2024-12-11 11:54:34,861 [WARNING]: No such comm: 8d19051420344fb0bc44c87338cfbb73
2024-12-11 11:54:34,863 [WARNING]: No such comm: a10e5f4bd0d54058942095d13eda6d53
2024-12-11 11:55:11,861 [INFO]: 
Successfully copied 4763 image(s) to C:/Users/dimit/OneDrive/Desktop/my_work_git/animals_classification/dataset2/train/dog.
2024-12-11 11:55:34,505 [INFO]: 
Successfully copied 2523 image(s) to C:/Users/dimit/OneDrive/Desktop/my_work_git/animals_classification/dataset2/train/horse.
2024-12-11 11:55:45,632 [INFO]: 
Successfully copied 1346 image(s) to C:/Users/dimit/OneDrive/Desktop/my_work_git/animals_classification/dataset2/train/elephant.
2024-12-11 11:56:03,420 [INFO]: 
Successfully copied 2012 image(s) to C:/Users/dimit/OneDrive/Desktop/my_work_git/animals_classification/dataset2/train/butterfly.
2024-12-11 11:56:32,398 [INFO]: 
Successfully copied 2998 image(s) to C:/Users/dimit/OneDrive/Desktop/my_work_git/animals_classification/dataset2/train/chicken.
2024-12-11 11:56:51,397 [INFO]: 
Successfully copied 1568 image(s) to C:/Users/dimit/OneDrive/Desktop/my_work_git/animals_classification/dataset2/train/cat.
2024-12-11 11:57:14,590 [INFO]: 
Successfully copied 1766 image(s) to C:/Users/dimit/OneDrive/Desktop/my_work_git/animals_classification/dataset2/train/cow.
2024-12-11 11:57:36,092 [INFO]: 
Successfully copied 1720 image(s) to C:/Users/dimit/OneDrive/Desktop/my_work_git/animals_classification/dataset2/train/sheep.
2024-12-11 11:58:42,885 [INFO]: 
Successfully copied 4721 image(s) to C:/Users/dimit/OneDrive/Desktop/my_work_git/animals_classification/dataset2/train/spider.
2024-12-11 11:59:05,658 [INFO]: 
Successfully copied 1762 image(s) to C:/Users/dimit/OneDrive/Desktop/my_work_git/animals_classification/dataset2/train/squirrel.
2024-12-11 11:59:05,714 [WARNING]: No such comm: c08f15359f6b4e4d81ddd6861cb6a1c0
2024-12-11 11:59:05,723 [WARNING]: No such comm: 4a30617a4263450b9b019b678095b9ae
2024-12-11 11:59:05,734 [WARNING]: No such comm: 432889cc96ad44af9d88aa24bcf20e1d
2024-12-11 11:59:05,738 [WARNING]: No such comm: a4e52f612e83459bad3596a877132873
2024-12-11 11:59:05,741 [WARNING]: No such comm: 5cde0783621f4604b86399341be28ee1
2024-12-11 11:59:05,748 [WARNING]: No such comm: 66d70c43bb324262932595f9d9ef1022
2024-12-11 11:59:05,750 [WARNING]: No such comm: 18d2fea2b6df4b22bef1b67bff1bff3f
2024-12-11 11:59:05,754 [WARNING]: No such comm: 6217267565dd44449a70b3f85f95fcc5
2024-12-11 11:59:05,759 [WARNING]: No such comm: bfa049700feb4282919cc2f2a8658615
2024-12-11 11:59:05,763 [WARNING]: No such comm: db9729ebf71942d2a1679afbdd81a6b2
2024-12-11 11:59:05,767 [WARNING]: No such comm: ae17badde67643d0b56937b1b04d46b0
